#! /usr/bin/vvp
:ivl_version "10.1 (stable)" "(v10_1)";
:ivl_delay_selection "TYPICAL";
:vpi_time_precision + 0;
:vpi_module "system";
:vpi_module "vhdl_sys";
:vpi_module "v2005_math";
:vpi_module "va_math";
S_0x19bb2d0 .scope module, "demorgan1_test" "demorgan1_test" 2 26;
 .timescale 0 0;
v0x19e4bd0_0 .var "A", 0 0;
v0x19e4c90_0 .net "AandB", 0 0, L_0x19e5a60;  1 drivers
v0x19e4d60_0 .var "B", 0 0;
v0x19e4e60_0 .net "nAandB", 0 0, L_0x19e5bc0;  1 drivers
S_0x1980cf0 .scope module, "dut" "demorgan1" 2 30, 3 21 0, S_0x19bb2d0;
 .timescale 0 0;
    .port_info 0 /INPUT 1 "A"
    .port_info 1 /INPUT 1 "B"
    .port_info 2 /OUTPUT 1 "AandB"
    .port_info 3 /OUTPUT 1 "nAandB"
L_0x19e5a60 .functor AND 1, v0x19e4bd0_0, v0x19e4d60_0, C4<1>, C4<1>;
L_0x19e5bc0 .functor NOT 1, L_0x19e5a60, C4<0>, C4<0>, C4<0>;
v0x1980e70_0 .net "A", 0 0, v0x19e4bd0_0;  1 drivers
v0x19e48d0_0 .net "AandB", 0 0, L_0x19e5a60;  alias, 1 drivers
v0x19e4990_0 .net "B", 0 0, v0x19e4d60_0;  1 drivers
v0x19e4a60_0 .net "nAandB", 0 0, L_0x19e5bc0;  alias, 1 drivers
S_0x19bb450 .scope module, "demorgan4_test" "demorgan4_test" 2 3;
 .timescale 0 0;
v0x19e5610_0 .var "A", 0 0;
v0x19e56d0_0 .var "B", 0 0;
v0x19e57a0_0 .net "nA", 0 0, L_0x19e5c80;  1 drivers
v0x19e58a0_0 .net "nAandnB", 0 0, L_0x19e5ea0;  1 drivers
v0x19e5970_0 .net "nB", 0 0, L_0x19e5d90;  1 drivers
S_0x19e4f30 .scope module, "dut" "demorgan4" 2 8, 3 3 0, S_0x19bb450;
 .timescale 0 0;
    .port_info 0 /INPUT 1 "A"
    .port_info 1 /INPUT 1 "B"
    .port_info 2 /OUTPUT 1 "nA"
    .port_info 3 /OUTPUT 1 "nB"
    .port_info 4 /OUTPUT 1 "nAandnB"
L_0x19e5c80 .functor NOT 1, v0x19e5610_0, C4<0>, C4<0>, C4<0>;
L_0x19e5d90 .functor NOT 1, v0x19e56d0_0, C4<0>, C4<0>, C4<0>;
L_0x19e5ea0 .functor AND 1, L_0x19e5c80, L_0x19e5d90, C4<1>, C4<1>;
v0x19e51b0_0 .net "A", 0 0, v0x19e5610_0;  1 drivers
v0x19e5250_0 .net "B", 0 0, v0x19e56d0_0;  1 drivers
v0x19e52f0_0 .net "nA", 0 0, L_0x19e5c80;  alias, 1 drivers
v0x19e53c0_0 .net "nAandnB", 0 0, L_0x19e5ea0;  alias, 1 drivers
v0x19e5460_0 .net "nB", 0 0, L_0x19e5d90;  alias, 1 drivers
    .scope S_0x19bb2d0;
T_0 ;
    %vpi_call 2 32 "$display", "A B | A B | ~(AB) " {0 0 0};
    %pushi/vec4 0, 0, 1;
    %store/vec4 v0x19e4bd0_0, 0, 1;
    %pushi/vec4 0, 0, 1;
    %store/vec4 v0x19e4d60_0, 0, 1;
    %delay 1, 0;
    %vpi_call 2 34 "$display", "%b %b |  %b  |    %b  ", v0x19e4bd0_0, v0x19e4d60_0, v0x19e4c90_0, v0x19e4e60_0 {0 0 0};
    %pushi/vec4 0, 0, 1;
    %store/vec4 v0x19e4bd0_0, 0, 1;
    %pushi/vec4 1, 0, 1;
    %store/vec4 v0x19e4d60_0, 0, 1;
    %delay 1, 0;
    %vpi_call 2 36 "$display", "%b %b |  %b  |    %b  ", v0x19e4bd0_0, v0x19e4d60_0, v0x19e4c90_0, v0x19e4e60_0 {0 0 0};
    %pushi/vec4 1, 0, 1;
    %store/vec4 v0x19e4bd0_0, 0, 1;
    %pushi/vec4 0, 0, 1;
    %store/vec4 v0x19e4d60_0, 0, 1;
    %delay 1, 0;
    %vpi_call 2 38 "$display", "%b %b |  %b  |    %b  ", v0x19e4bd0_0, v0x19e4d60_0, v0x19e4c90_0, v0x19e4e60_0 {0 0 0};
    %pushi/vec4 1, 0, 1;
    %store/vec4 v0x19e4bd0_0, 0, 1;
    %pushi/vec4 1, 0, 1;
    %store/vec4 v0x19e4d60_0, 0, 1;
    %delay 1, 0;
    %vpi_call 2 40 "$display", "%b %b |  %b  |    %b  ", v0x19e4bd0_0, v0x19e4d60_0, v0x19e4c90_0, v0x19e4e60_0 {0 0 0};
    %end;
    .thread T_0;
    .scope S_0x19bb450;
T_1 ;
    %vpi_call 2 13 "$display", "A B | ~A ~B | ~A~B " {0 0 0};
    %pushi/vec4 0, 0, 1;
    %store/vec4 v0x19e5610_0, 0, 1;
    %pushi/vec4 0, 0, 1;
    %store/vec4 v0x19e56d0_0, 0, 1;
    %delay 1, 0;
    %vpi_call 2 15 "$display", "%b %b |  %b  %b |    %b  ", v0x19e5610_0, v0x19e56d0_0, v0x19e57a0_0, v0x19e5970_0, v0x19e58a0_0 {0 0 0};
    %pushi/vec4 0, 0, 1;
    %store/vec4 v0x19e5610_0, 0, 1;
    %pushi/vec4 1, 0, 1;
    %store/vec4 v0x19e56d0_0, 0, 1;
    %delay 1, 0;
    %vpi_call 2 17 "$display", "%b %b |  %b  %b |    %b  ", v0x19e5610_0, v0x19e56d0_0, v0x19e57a0_0, v0x19e5970_0, v0x19e58a0_0 {0 0 0};
    %pushi/vec4 1, 0, 1;
    %store/vec4 v0x19e5610_0, 0, 1;
    %pushi/vec4 0, 0, 1;
    %store/vec4 v0x19e56d0_0, 0, 1;
    %delay 1, 0;
    %vpi_call 2 19 "$display", "%b %b |  %b  %b |    %b  ", v0x19e5610_0, v0x19e56d0_0, v0x19e57a0_0, v0x19e5970_0, v0x19e58a0_0 {0 0 0};
    %pushi/vec4 1, 0, 1;
    %store/vec4 v0x19e5610_0, 0, 1;
    %pushi/vec4 1, 0, 1;
    %store/vec4 v0x19e56d0_0, 0, 1;
    %delay 1, 0;
    %vpi_call 2 21 "$display", "%b %b |  %b  %b |    %b  ", v0x19e5610_0, v0x19e56d0_0, v0x19e57a0_0, v0x19e5970_0, v0x19e58a0_0 {0 0 0};
    %end;
    .thread T_1;
# The file index is used to find the file name in the following table.
:file_names 4;
    "N/A";
    "<interactive>";
    "hw1.t.v";
    "./hw1.v";
